2001.11.05 11:43 B C:\________e-2\projects past\error404\images\45disaster.gif <-- e-2webfusion /public_html/c-ship/projects/error404/images 45disaster.gif
2001.11.05 11:43 B C:\________e-2\projects past\error404\images\800predict.gif <-- e-2webfusion /public_html/c-ship/projects/error404/images 800predict.gif
2001.11.05 11:43 B C:\________e-2\projects past\error404\images\A-z.gif <-- e-2webfusion /public_html/c-ship/projects/error404/images A-z.gif
2001.11.05 11:43 B C:\________e-2\projects past\error404\images\acworld.gif <-- e-2webfusion /public_html/c-ship/projects/error404/images acworld.gif
2001.11.05 11:43 B C:\________e-2\projects past\error404\images\aerialview.jpg <-- e-2webfusion /public_html/c-ship/projects/error404/images aerialview.jpg
2001.11.05 11:43 B C:\________e-2\projects past\error404\images\allshops.jpg <-- e-2webfusion /public_html/c-ship/projects/error404/images allshops.jpg
2001.11.05 11:43 B C:\________e-2\projects past\error404\images\alt.horror.gif <-- e-2webfusion /public_html/c-ship/projects/error404/images alt.horror.gif
2001.11.05 11:43 B C:\________e-2\projects past\error404\images\althorror.gif <-- e-2webfusion /public_html/c-ship/projects/error404/images althorror.gif
2001.11.05 11:43 B C:\________e-2\projects past\error404\images\annapegg.gif <-- e-2webfusion /public_html/c-ship/projects/error404/images annapegg.gif
2001.11.05 11:43 B C:\________e-2\projects past\error404\images\antfarm.jpg <-- e-2webfusion /public_html/c-ship/projects/error404/images antfarm.jpg
2001.11.05 11:43 B C:\________e-2\projects past\error404\images\ants53bi.gif <-- e-2webfusion /public_html/c-ship/projects/error404/images ants53bi.gif
2001.11.05 11:43 B C:\________e-2\projects past\error404\images\ants54ca.gif <-- e-2webfusion /public_html/c-ship/projects/error404/images ants54ca.gif
2001.11.05 11:43 B C:\________e-2\projects past\error404\images\atoz.gif <-- e-2webfusion /public_html/c-ship/projects/error404/images atoz.gif
2001.11.05 11:43 B C:\________e-2\projects past\error404\images\audience photo.gif <-- e-2webfusion /public_html/c-ship/projects/error404/images audience photo.gif
2001.11.05 11:43 B C:\________e-2\projects past\error404\images\audiencephoto.jpg <-- e-2webfusion /public_html/c-ship/projects/error404/images audiencephoto.jpg
2001.11.05 11:43 B C:\________e-2\projects past\error404\images\barebat5.jpg <-- e-2webfusion /public_html/c-ship/projects/error404/images barebat5.jpg
2001.11.05 11:43 B C:\________e-2\projects past\error404\images\batt1.jpg <-- e-2webfusion /public_html/c-ship/projects/error404/images batt1.jpg
2001.11.05 11:43 B C:\________e-2\projects past\error404\images\battext3.jpg <-- e-2webfusion /public_html/c-ship/projects/error404/images battext3.jpg
2001.11.05 11:43 B C:\________e-2\projects past\error404\images\beardteacher.gif <-- e-2webfusion /public_html/c-ship/projects/error404/images beardteacher.gif
2001.11.05 11:43 B C:\________e-2\projects past\error404\images\bigwasptrap.jpg <-- e-2webfusion /public_html/c-ship/projects/error404/images bigwasptrap.jpg
2001.11.05 11:43 B C:\________e-2\projects past\error404\images\blairwitchproject.gif <-- e-2webfusion /public_html/c-ship/projects/error404/images blairwitchproject.gif
2001.11.05 11:43 B C:\________e-2\projects past\error404\images\blue.gif <-- e-2webfusion /public_html/c-ship/projects/error404/images blue.gif
2001.11.05 11:44 B C:\________e-2\projects past\error404\images\bollywelcome.jpg <-- e-2webfusion /public_html/c-ship/projects/error404/images bollywelcome.jpg
2001.11.05 11:44 B C:\________e-2\projects past\error404\images\bomb.gif <-- e-2webfusion /public_html/c-ship/projects/error404/images bomb.gif
2001.11.05 11:44 B C:\________e-2\projects past\error404\images\bryanpic.gif <-- e-2webfusion /public_html/c-ship/projects/error404/images bryanpic.gif
2001.11.05 11:44 B C:\________e-2\projects past\error404\images\bwarning1.gif <-- e-2webfusion /public_html/c-ship/projects/error404/images bwarning1.gif
2001.11.05 11:44 B C:\________e-2\projects past\error404\images\carla.jpg <-- e-2webfusion /public_html/c-ship/projects/error404/images carla.jpg
2001.11.05 11:44 B C:\________e-2\projects past\error404\images\carshowroom.jpg <-- e-2webfusion /public_html/c-ship/projects/error404/images carshowroom.jpg
2001.11.05 11:44 B C:\________e-2\projects past\error404\images\chrch.jpg <-- e-2webfusion /public_html/c-ship/projects/error404/images chrch.jpg
2001.11.05 11:44 B C:\________e-2\projects past\error404\images\CIAbomb.gif <-- e-2webfusion /public_html/c-ship/projects/error404/images CIAbomb.gif
2001.11.05 11:44 B C:\________e-2\projects past\error404\images\ciasite.gif <-- e-2webfusion /public_html/c-ship/projects/error404/images ciasite.gif
2001.11.05 11:44 B C:\________e-2\projects past\error404\images\countrylist.jpg <-- e-2webfusion /public_html/c-ship/projects/error404/images countrylist.jpg
2001.11.05 11:44 B C:\________e-2\projects past\error404\images\crane3.jpg <-- e-2webfusion /public_html/c-ship/projects/error404/images crane3.jpg
2001.11.05 11:44 B C:\________e-2\projects past\error404\images\criketww.gif <-- e-2webfusion /public_html/c-ship/projects/error404/images criketww.gif
2001.11.05 11:44 B C:\________e-2\projects past\error404\images\daughter.jpg <-- e-2webfusion /public_html/c-ship/projects/error404/images daughter.jpg
2001.11.05 11:44 B C:\________e-2\projects past\error404\images\daughtr2 .jpg <-- e-2webfusion /public_html/c-ship/projects/error404/images daughtr2 .jpg
2001.11.05 11:44 B C:\________e-2\projects past\error404\images\daughtr2.jpg <-- e-2webfusion /public_html/c-ship/projects/error404/images daughtr2.jpg
2001.11.05 11:44 B C:\________e-2\projects past\error404\images\dawsoncrk.gif <-- e-2webfusion /public_html/c-ship/projects/error404/images dawsoncrk.gif
2001.11.05 11:44 B C:\________e-2\projects past\error404\images\Death2.gif <-- e-2webfusion /public_html/c-ship/projects/error404/images Death2.gif
2001.11.05 11:44 B C:\________e-2\projects past\error404\images\DHLplanet.gif <-- e-2webfusion /public_html/c-ship/projects/error404/images DHLplanet.gif
2001.11.05 11:44 B C:\________e-2\projects past\error404\images\dhlrplanet.jpg <-- e-2webfusion /public_html/c-ship/projects/error404/images dhlrplanet.jpg
2001.11.05 11:44 B C:\________e-2\projects past\error404\images\DHLwebsite.gif <-- e-2webfusion /public_html/c-ship/projects/error404/images DHLwebsite.gif
2001.11.05 11:44 B C:\________e-2\projects past\error404\images\Dodecahedron1.gif <-- e-2webfusion /public_html/c-ship/projects/error404/images Dodecahedron1.gif
2001.11.05 11:44 B C:\________e-2\projects past\error404\images\downloadfree.jpg <-- e-2webfusion /public_html/c-ship/projects/error404/images downloadfree.jpg
2001.11.05 11:44 B C:\________e-2\projects past\error404\images\ekhpage.jpg <-- e-2webfusion /public_html/c-ship/projects/error404/images ekhpage.jpg
2001.11.05 11:44 B C:\________e-2\projects past\error404\images\equipbomb.gif <-- e-2webfusion /public_html/c-ship/projects/error404/images equipbomb.gif
2001.11.05 11:44 B C:\________e-2\projects past\error404\images\error 404.gif <-- e-2webfusion /public_html/c-ship/projects/error404/images error 404.gif
2001.11.05 11:44 B C:\________e-2\projects past\error404\images\error404.gif <-- e-2webfusion /public_html/c-ship/projects/error404/images error404.gif
2001.11.05 11:44 B C:\________e-2\projects past\error404\images\explore_map.jpg <-- e-2webfusion /public_html/c-ship/projects/error404/images explore_map.jpg
2001.11.05 11:44 B C:\________e-2\projects past\error404\images\fatima.gif <-- e-2webfusion /public_html/c-ship/projects/error404/images fatima.gif
2001.11.05 11:44 B C:\________e-2\projects past\error404\images\fatimatext9.gif <-- e-2webfusion /public_html/c-ship/projects/error404/images fatimatext9.gif
2001.11.05 11:44 B C:\________e-2\projects past\error404\images\fatimkids.gif <-- e-2webfusion /public_html/c-ship/projects/error404/images fatimkids.gif
2001.11.05 11:44 B C:\________e-2\projects past\error404\images\flowchart.GIF <-- e-2webfusion /public_html/c-ship/projects/error404/images flowchart.GIF
2001.11.05 11:44 B C:\________e-2\projects past\error404\images\forum.GIF <-- e-2webfusion /public_html/c-ship/projects/error404/images forum.GIF
2001.11.05 11:44 B C:\________e-2\projects past\error404\images\geocitysrch.jpg <-- e-2webfusion /public_html/c-ship/projects/error404/images geocitysrch.jpg
2001.11.05 11:44 B C:\________e-2\projects past\error404\images\georgebush.gif <-- e-2webfusion /public_html/c-ship/projects/error404/images georgebush.gif
2001.11.05 11:44 B C:\________e-2\projects past\error404\images\geospider.gif <-- e-2webfusion /public_html/c-ship/projects/error404/images geospider.gif
2001.11.05 11:44 B C:\________e-2\projects past\error404\images\greenafrica.gif <-- e-2webfusion /public_html/c-ship/projects/error404/images greenafrica.gif
2001.11.05 11:45 B C:\________e-2\projects past\error404\images\GrimsvotnKG.jpg <-- e-2webfusion /public_html/c-ship/projects/error404/images GrimsvotnKG.jpg
2001.11.05 11:45 B C:\________e-2\projects past\error404\images\haley.gif <-- e-2webfusion /public_html/c-ship/projects/error404/images haley.gif
2001.11.05 11:45 B C:\________e-2\projects past\error404\images\halfannak.jpg <-- e-2webfusion /public_html/c-ship/projects/error404/images halfannak.jpg
2001.11.05 11:45 B C:\________e-2\projects past\error404\images\hardcoreraingage.gif <-- e-2webfusion /public_html/c-ship/projects/error404/images hardcoreraingage.gif
2001.11.05 11:45 B C:\________e-2\projects past\error404\images\headachemagnetcure.gif <-- e-2webfusion /public_html/c-ship/projects/error404/images headachemagnetcure.gif
2001.11.05 11:45 B C:\________e-2\projects past\error404\images\headachephoto.gif <-- e-2webfusion /public_html/c-ship/projects/error404/images headachephoto.gif
2001.11.05 11:45 B C:\________e-2\projects past\error404\images\helen.gif <-- e-2webfusion /public_html/c-ship/projects/error404/images helen.gif
2001.11.05 11:45 B C:\________e-2\projects past\error404\images\Hollowicosadodecahedron2.gif <-- e-2webfusion /public_html/c-ship/projects/error404/images Hollowicosadodecahedron2.gif
2001.11.05 11:45 B C:\________e-2\projects past\error404\images\horrortext.jpg <-- e-2webfusion /public_html/c-ship/projects/error404/images horrortext.jpg
2001.11.05 11:45 B C:\________e-2\projects past\error404\images\hotnasa2.gif <-- e-2webfusion /public_html/c-ship/projects/error404/images hotnasa2.gif
2001.11.05 11:45 B C:\________e-2\projects past\error404\images\icon-bigawards.gif <-- e-2webfusion /public_html/c-ship/projects/error404/images icon-bigawards.gif
2001.11.05 11:45 B C:\________e-2\projects past\error404\images\indiatext.gif <-- e-2webfusion /public_html/c-ship/projects/error404/images indiatext.gif
2001.11.05 11:45 B C:\________e-2\projects past\error404\images\indiaw.jpg <-- e-2webfusion /public_html/c-ship/projects/error404/images indiaw.jpg
2001.11.05 11:45 B C:\________e-2\projects past\error404\images\indiawimman.jpg <-- e-2webfusion /public_html/c-ship/projects/error404/images indiawimman.jpg
2001.11.05 11:45 B C:\________e-2\projects past\error404\images\indoor.jpg <-- e-2webfusion /public_html/c-ship/projects/error404/images indoor.jpg
2001.11.05 11:45 B C:\________e-2\projects past\error404\images\jutta.gif <-- e-2webfusion /public_html/c-ship/projects/error404/images jutta.gif
2001.11.05 11:45 B C:\________e-2\projects past\error404\images\madscandinavian.gif <-- e-2webfusion /public_html/c-ship/projects/error404/images madscandinavian.gif
2001.11.05 11:45 B C:\________e-2\projects past\error404\images\mall.jpg <-- e-2webfusion /public_html/c-ship/projects/error404/images mall.jpg
2001.11.05 11:45 B C:\________e-2\projects past\error404\images\manmadedisaster2.gif <-- e-2webfusion /public_html/c-ship/projects/error404/images manmadedisaster2.gif
2001.11.05 11:45 B C:\________e-2\projects past\error404\images\Mars.jpg <-- e-2webfusion /public_html/c-ship/projects/error404/images Mars.jpg
2001.11.05 11:45 B C:\________e-2\projects past\error404\images\mercury.gif <-- e-2webfusion /public_html/c-ship/projects/error404/images mercury.gif
2001.11.05 11:45 B C:\________e-2\projects past\error404\images\mercury.jpg <-- e-2webfusion /public_html/c-ship/projects/error404/images mercury.jpg
2001.11.05 11:45 B C:\________e-2\projects past\error404\images\met4.gif <-- e-2webfusion /public_html/c-ship/projects/error404/images met4.gif
2001.11.05 11:45 B C:\________e-2\projects past\error404\images\meteorsitehttp.GIF <-- e-2webfusion /public_html/c-ship/projects/error404/images meteorsitehttp.GIF
2001.11.05 11:45 B C:\________e-2\projects past\error404\images\mhalley.gif <-- e-2webfusion /public_html/c-ship/projects/error404/images mhalley.gif
2001.11.05 11:45 B C:\________e-2\projects past\error404\images\mhalleyrl.gif <-- e-2webfusion /public_html/c-ship/projects/error404/images mhalleyrl.gif
2001.11.05 11:45 B C:\________e-2\projects past\error404\images\minox.gif <-- e-2webfusion /public_html/c-ship/projects/error404/images minox.gif
2001.11.05 11:45 B C:\________e-2\projects past\error404\images\miraclelibrary.gif <-- e-2webfusion /public_html/c-ship/projects/error404/images miraclelibrary.gif
2001.11.05 11:45 B C:\________e-2\projects past\error404\images\mousehandonly.gif <-- e-2webfusion /public_html/c-ship/projects/error404/images mousehandonly.gif
2001.11.05 11:45 B C:\________e-2\projects past\error404\images\mugshots.gif <-- e-2webfusion /public_html/c-ship/projects/error404/images mugshots.gif
2001.11.05 11:45 B C:\________e-2\projects past\error404\images\nasasites.gif <-- e-2webfusion /public_html/c-ship/projects/error404/images nasasites.gif
2001.11.05 11:45 B C:\________e-2\projects past\error404\images\nasatitle.gif <-- e-2webfusion /public_html/c-ship/projects/error404/images nasatitle.gif
2001.11.05 11:45 B C:\________e-2\projects past\error404\images\ngrp.gif <-- e-2webfusion /public_html/c-ship/projects/error404/images ngrp.gif
2001.11.05 11:45 B C:\________e-2\projects past\error404\images\nostradamus.jpg <-- e-2webfusion /public_html/c-ship/projects/error404/images nostradamus.jpg
2001.11.05 11:45 B C:\________e-2\projects past\error404\images\not found.gif <-- e-2webfusion /public_html/c-ship/projects/error404/images not found.gif
2001.11.05 11:45 B C:\________e-2\projects past\error404\images\notfound.gif <-- e-2webfusion /public_html/c-ship/projects/error404/images notfound.gif
2001.11.05 11:45 B C:\________e-2\projects past\error404\images\ny.jpg <-- e-2webfusion /public_html/c-ship/projects/error404/images ny.jpg
2001.11.05 11:45 B C:\________e-2\projects past\error404\images\oldbackpostlist.gif <-- e-2webfusion /public_html/c-ship/projects/error404/images oldbackpostlist.gif
2001.11.05 11:45 B C:\________e-2\projects past\error404\images\origamilist.gif <-- e-2webfusion /public_html/c-ship/projects/error404/images origamilist.gif
2001.11.05 11:45 B C:\________e-2\projects past\error404\images\pantyhose.gif <-- e-2webfusion /public_html/c-ship/projects/error404/images pantyhose.gif
2001.11.05 11:45 B C:\________e-2\projects past\error404\images\patspring.gif <-- e-2webfusion /public_html/c-ship/projects/error404/images patspring.gif
2001.11.05 11:46 B C:\________e-2\projects past\error404\images\patspring.jpg <-- e-2webfusion /public_html/c-ship/projects/error404/images patspring.jpg
2001.11.05 11:46 B C:\________e-2\projects past\error404\images\PBridehelga12.gif <-- e-2webfusion /public_html/c-ship/projects/error404/images PBridehelga12.gif
2001.11.05 11:46 B C:\________e-2\projects past\error404\images\pcardsmix.jpg <-- e-2webfusion /public_html/c-ship/projects/error404/images pcardsmix.jpg
2001.11.05 11:46 B C:\________e-2\projects past\error404\images\pcardtitle.gif <-- e-2webfusion /public_html/c-ship/projects/error404/images pcardtitle.gif
2001.11.05 11:46 B C:\________e-2\projects past\error404\images\peoplechat.gif <-- e-2webfusion /public_html/c-ship/projects/error404/images peoplechat.gif
2001.11.05 11:46 B C:\________e-2\projects past\error404\images\pig2.jpg <-- e-2webfusion /public_html/c-ship/projects/error404/images pig2.jpg
2001.11.05 11:46 B C:\________e-2\projects past\error404\images\pinwheel.gif <-- e-2webfusion /public_html/c-ship/projects/error404/images pinwheel.gif
2001.11.05 11:46 B C:\________e-2\projects past\error404\images\planetslist.gif <-- e-2webfusion /public_html/c-ship/projects/error404/images planetslist.gif
2001.11.05 11:46 B C:\________e-2\projects past\error404\images\plussign.jpg <-- e-2webfusion /public_html/c-ship/projects/error404/images plussign.jpg
2001.11.05 11:46 B C:\________e-2\projects past\error404\images\princessbride.gif <-- e-2webfusion /public_html/c-ship/projects/error404/images princessbride.gif
2001.11.05 11:46 B C:\________e-2\projects past\error404\images\proph & pred.gif <-- e-2webfusion /public_html/c-ship/projects/error404/images proph & pred.gif
2001.11.05 11:46 B C:\________e-2\projects past\error404\images\proph box.gif <-- e-2webfusion /public_html/c-ship/projects/error404/images proph box.gif
2001.11.05 11:46 B C:\________e-2\projects past\error404\images\prophpred.gif <-- e-2webfusion /public_html/c-ship/projects/error404/images prophpred.gif
2001.11.05 11:46 B C:\________e-2\projects past\error404\images\pyramid.jpg <-- e-2webfusion /public_html/c-ship/projects/error404/images pyramid.jpg
2001.11.05 11:46 B C:\________e-2\projects past\error404\images\r2.gif <-- e-2webfusion /public_html/c-ship/projects/error404/images r2.gif
2001.11.05 11:46 B C:\________e-2\projects past\error404\images\rainbucket.jpg <-- e-2webfusion /public_html/c-ship/projects/error404/images rainbucket.jpg
2001.11.05 11:46 B C:\________e-2\projects past\error404\images\rainggs.gif <-- e-2webfusion /public_html/c-ship/projects/error404/images rainggs.gif
2001.11.05 11:46 B C:\________e-2\projects past\error404\images\raingsummary.gif <-- e-2webfusion /public_html/c-ship/projects/error404/images raingsummary.gif
2001.11.05 11:46 B C:\________e-2\projects past\error404\images\re6b.gif <-- e-2webfusion /public_html/c-ship/projects/error404/images re6b.gif
2001.11.05 11:46 B C:\________e-2\projects past\error404\images\redheadache.gif <-- e-2webfusion /public_html/c-ship/projects/error404/images redheadache.gif
2001.11.05 11:46 B C:\________e-2\projects past\error404\images\ruin.jpg <-- e-2webfusion /public_html/c-ship/projects/error404/images ruin.jpg
2001.11.05 11:46 B C:\________e-2\projects past\error404\images\saturn.jpg <-- e-2webfusion /public_html/c-ship/projects/error404/images saturn.jpg
2001.11.05 11:46 B C:\________e-2\projects past\error404\images\seagull.jpg <-- e-2webfusion /public_html/c-ship/projects/error404/images seagull.jpg
2001.11.05 11:46 B C:\________e-2\projects past\error404\images\seismiclist.gif <-- e-2webfusion /public_html/c-ship/projects/error404/images seismiclist.gif
2001.11.05 11:46 B C:\________e-2\projects past\error404\images\sermon.gif <-- e-2webfusion /public_html/c-ship/projects/error404/images sermon.gif
2001.11.05 11:46 B C:\________e-2\projects past\error404\images\sigearthquaks.gif <-- e-2webfusion /public_html/c-ship/projects/error404/images sigearthquaks.gif
2001.11.05 11:46 B C:\________e-2\projects past\error404\images\stacy.gif <-- e-2webfusion /public_html/c-ship/projects/error404/images stacy.gif
2001.11.05 11:46 B C:\________e-2\projects past\error404\images\subscribe.gif <-- e-2webfusion /public_html/c-ship/projects/error404/images subscribe.gif
2001.11.05 11:46 B C:\________e-2\projects past\error404\images\tiffany.jpg <-- e-2webfusion /public_html/c-ship/projects/error404/images tiffany.jpg
2001.11.05 11:46 B C:\________e-2\projects past\error404\images\title.gif <-- e-2webfusion /public_html/c-ship/projects/error404/images title.gif
2001.11.05 11:46 B C:\________e-2\projects past\error404\images\top_navigate.gif <-- e-2webfusion /public_html/c-ship/projects/error404/images top_navigate.gif
2001.11.05 11:46 B C:\________e-2\projects past\error404\images\tower.jpg <-- e-2webfusion /public_html/c-ship/projects/error404/images tower.jpg
2001.11.05 11:46 B C:\________e-2\projects past\error404\images\trolleyman.jpg <-- e-2webfusion /public_html/c-ship/projects/error404/images trolleyman.jpg
2001.11.05 11:46 B C:\________e-2\projects past\error404\images\ulaslistrip.jpg <-- e-2webfusion /public_html/c-ship/projects/error404/images ulaslistrip.jpg
2001.11.05 11:46 B C:\________e-2\projects past\error404\images\venus.jpg <-- e-2webfusion /public_html/c-ship/projects/error404/images venus.jpg
2001.11.05 11:46 B C:\________e-2\projects past\error404\images\video.gif <-- e-2webfusion /public_html/c-ship/projects/error404/images video.gif
2001.11.05 11:46 B C:\________e-2\projects past\error404\images\video.jpg <-- e-2webfusion /public_html/c-ship/projects/error404/images video.jpg
2001.11.05 11:46 B C:\________e-2\projects past\error404\images\volcanoinblue.gif <-- e-2webfusion /public_html/c-ship/projects/error404/images volcanoinblue.gif
2001.11.05 11:46 B C:\________e-2\projects past\error404\images\worldseismicity.jpg <-- e-2webfusion /public_html/c-ship/projects/error404/images worldseismicity.jpg
2001.11.05 11:46 B C:\________e-2\projects past\error404\images\zeetv.gif <-- e-2webfusion /public_html/c-ship/projects/error404/images zeetv.gif
